<?xml version="1.0" encoding="UTF-8"?>
<robot generator="Robot 4.1.3 (Python 3.10.2 on linux)" generated="20220125 09:28:54.085" rpa="false" schemaversion="2">
<suite id="s1" name="Suites" source="/suites">
<suite id="s1-s1" name="Test Request" source="/suites/test_request.robot">
<test id="s1-s1-t1" name="Get Request Test Website">
<kw name="Create Session And Assert" library="web_request_keywords">
<arg>https://robotframework.org/</arg>
<arg>5</arg>
<arg>200</arg>
<kw name="Create Session" library="RequestsLibrary">
<arg>getwebsite</arg>
<arg>${site}</arg>
<arg>verify=false</arg>
<arg>max_retries=${max_retries}</arg>
<arg>backoff_factor=1</arg>
<doc>Create Session: create a HTTP session to a server</doc>
<msg timestamp="20220125 09:28:54.245" level="INFO">Creating Session using : alias=getwebsite, url=https://robotframework.org/, headers={},                     cookies={}, auth=None, timeout=None, proxies=None, verify=False,                     debug=0 </msg>
<status status="PASS" starttime="20220125 09:28:54.244" endtime="20220125 09:28:54.246"/>
</kw>
<kw name="GET On Session" library="RequestsLibrary">
<var>${resp}</var>
<arg>getwebsite</arg>
<arg>/</arg>
<arg>${expected_status}</arg>
<doc>Sends a GET request on a previously created HTTP Session.</doc>
<msg timestamp="20220125 09:28:54.428" level="INFO">GET Request : url=https://robotframework.org/?200 
 path_url=/?200 
 headers={'User-Agent': 'python-requests/2.27.1', 'Accept-Encoding': 'gzip, deflate', 'Accept': '*/*', 'Connection': 'keep-alive'} 
 body=None 
 </msg>
<msg timestamp="20220125 09:28:54.428" level="INFO">GET Response : url=https://robotframework.org/?200 
 status=200, reason=OK 
 headers={'Connection': 'keep-alive', 'Content-Length': '1469', 'Server': 'GitHub.com', 'Content-Type': 'text/html; charset=utf-8', 'x-origin-cache': 'HIT', 'Last-Modified': 'Tue, 25 Jan 2022 08:11:51 GMT', 'Access-Control-Allow-Origin': '*', 'ETag': 'W/"61efb0c7-e2f"', 'expires': 'Tue, 25 Jan 2022 08:24:00 GMT', 'Cache-Control': 'max-age=600', 'Content-Encoding': 'gzip', 'x-proxy-cache': 'MISS', 'X-GitHub-Request-Id': 'D0BC:14D4:43BEFD:45F1B4:61EFB148', 'Accept-Ranges': 'bytes', 'Date': 'Tue, 25 Jan 2022 09:28:54 GMT', 'Via': '1.1 varnish', 'Age': '368', 'X-Served-By': 'cache-bma1637-BMA', 'X-Cache': 'HIT', 'X-Cache-Hits': '1', 'X-Timer': 'S1643102934.162490,VS0,VE0', 'Vary': 'Accept-Encoding', 'X-Fastly-Request-ID': 'faf530e24926302d671a9cc97491d841154d4261'} 
 body=&lt;!DOCTYPE html&gt;&lt;html&gt;&lt;head&gt;&lt;meta charset="utf-8"&gt;&lt;meta http-equiv="X-UA-Compatible" content="IE=edge"&gt;&lt;meta name="viewport" content="width=device-width,initial-scale=1"&gt;&lt;title&gt;Robot Framework&lt;/title&gt;&lt;meta name="description" content="Generic open source automation framework for acceptance testing, acceptance test driven development (ATDD), and robotic process automation (RPA)."&gt;&lt;!--[if IE]&gt;&lt;link rel="icon" href="/favicon.ico"&gt;&lt;![endif]--&gt;&lt;script defer data-domain="robotframework.org" src="https://plausible.io/js/plausible.outbound-links.js"&gt;&lt;/script&gt;&lt;script&gt;window.plausible = window.plausible || function() { (window.plausible.q = window.plausible.q || []).push(arguments) }&lt;/script&gt;&lt;script&gt;// Single Page Apps for GitHub Pages
      // MIT License
      // https://github.com/rafgraph/spa-github-pages
      // This script checks to see if a redirect is present in the query string,
      // converts it back into the correct url and adds it to the
      // browser's history using window.history.replaceState(...),
      // which won't cause the browser to attempt to load the new url.
      // When the single page app is loaded further down in this file,
      // the correct url will be waiting in the browser's history for
      // the single page app to route accordingly.
      (function(l) {
        if (l.search[1] === '/' ) {
          var decoded = l.search.slice(1).split('&amp;').map(function(s) { 
            return s.replace(/~and~/g, '&amp;')
          }).join('?');
          window.history.replaceState(null, null,
              l.pathname.slice(0, -1) + decoded + l.hash
          );
        }
      }(window.location))&lt;/script&gt;&lt;link href="/css/chunk-6eff404e.23067946.css" rel="prefetch"&gt;&lt;link href="/js/chunk-2d0aab07.5a6f3540.js" rel="prefetch"&gt;&lt;link href="/js/chunk-2d0c1ed0.ec30c66b.js" rel="prefetch"&gt;&lt;link href="/js/chunk-2d0c512b.fc5c2f78.js" rel="prefetch"&gt;&lt;link href="/js/chunk-2d0d0645.d864beef.js" rel="prefetch"&gt;&lt;link href="/js/chunk-2d20ff23.09b985f3.js" rel="prefetch"&gt;&lt;link href="/js/chunk-2d22502a.bcf98569.js" rel="prefetch"&gt;&lt;link href="/js/chunk-2d22c2b8.5f002531.js" rel="prefetch"&gt;&lt;link href="/js/chunk-2d22ca58.a71fd949.js" rel="prefetch"&gt;&lt;link href="/js/chunk-2d2371be.c3e14d63.js" rel="prefetch"&gt;&lt;link href="/js/chunk-6eff404e.187bb8e7.js" rel="prefetch"&gt;&lt;link href="/js/chunk-7532b3ea.7e881d12.js" rel="prefetch"&gt;&lt;link href="/css/app.790529ff.css" rel="preload" as="style"&gt;&lt;link href="/js/app.cc5a1c05.js" rel="preload" as="script"&gt;&lt;link href="/js/chunk-vendors.4ebdc2bf.js" rel="preload" as="script"&gt;&lt;link href="/css/app.790529ff.css" rel="stylesheet"&gt;&lt;link rel="icon" type="image/png" sizes="32x32" href="/img/icons/favicon-32x32.png"&gt;&lt;link rel="icon" type="image/png" sizes="16x16" href="/img/icons/favicon-16x16.png"&gt;&lt;link rel="manifest" href="/manifest.json"&gt;&lt;meta name="theme-color" content="#4DBA87"&gt;&lt;meta name="apple-mobile-web-app-capable" content="no"&gt;&lt;meta name="apple-mobile-web-app-status-bar-style" content="default"&gt;&lt;meta name="apple-mobile-web-app-title" content="robot-framework"&gt;&lt;link rel="apple-touch-icon" href="/img/icons/apple-touch-icon-152x152.png"&gt;&lt;link rel="mask-icon" href="/img/icons/safari-pinned-tab.svg" color="#4DBA87"&gt;&lt;meta name="msapplication-TileImage" content="/img/icons/msapplication-icon-144x144.png"&gt;&lt;meta name="msapplication-TileColor" content="#000000"&gt;&lt;/head&gt;&lt;body&gt;&lt;noscript&gt;&lt;strong&gt;We're sorry but robot-framework doesn't work properly without JavaScript enabled. Please enable it to continue.&lt;/strong&gt;&lt;/noscript&gt;&lt;div id="app"&gt;&lt;/div&gt;&lt;script src="/js/chunk-vendors.4ebdc2bf.js"&gt;&lt;/script&gt;&lt;script src="/js/app.cc5a1c05.js"&gt;&lt;/script&gt;&lt;/body&gt;&lt;/html&gt; 
 </msg>
<msg timestamp="20220125 09:28:54.429" level="INFO">/usr/local/lib/python3.10/site-packages/urllib3/connectionpool.py:1043: InsecureRequestWarning: Unverified HTTPS request is being made to host 'robotframework.org'. Adding certificate verification is strongly advised. See: https://urllib3.readthedocs.io/en/1.26.x/advanced-usage.html#ssl-warnings
  warnings.warn(</msg>
<msg timestamp="20220125 09:28:54.429" level="INFO">${resp} = &lt;Response [200]&gt;</msg>
<status status="PASS" starttime="20220125 09:28:54.246" endtime="20220125 09:28:54.429"/>
</kw>
<kw name="Should Be Equal As Strings" library="BuiltIn">
<arg>${resp.status_code}</arg>
<arg>${expected_status}</arg>
<doc>Fails if objects are unequal after converting them to strings.</doc>
<msg timestamp="20220125 09:28:54.432" level="INFO">Argument types are:
&lt;class 'int'&gt;
&lt;type 'unicode'&gt;</msg>
<status status="PASS" starttime="20220125 09:28:54.430" endtime="20220125 09:28:54.432"/>
</kw>
<status status="PASS" starttime="20220125 09:28:54.243" endtime="20220125 09:28:54.433"/>
</kw>
<status status="PASS" starttime="20220125 09:28:54.243" endtime="20220125 09:28:54.433"/>
</test>
<kw name="Delete All Sessions" library="RequestsLibrary" type="TEARDOWN">
<doc>Removes all the session objects</doc>
<msg timestamp="20220125 09:28:54.436" level="INFO">Deleting All Sessions</msg>
<status status="PASS" starttime="20220125 09:28:54.435" endtime="20220125 09:28:54.436"/>
</kw>
<doc>Robot FW Boilerplate test suite. 

Test a single test using 'robot-boilerplate	ests&gt;robot -t "Get Request Test Website" suites' 

Test all tests using 'robot --outputdir reports suites' 

Use Docker to run all tests using 'docker-compose up'</doc>
<status status="PASS" starttime="20220125 09:28:54.116" endtime="20220125 09:28:54.436"/>
</suite>
<status status="PASS" starttime="20220125 09:28:54.089" endtime="20220125 09:28:54.439"/>
</suite>
<statistics>
<total>
<stat pass="1" fail="0" skip="0">All Tests</stat>
</total>
<tag>
</tag>
<suite>
<stat pass="1" fail="0" skip="0" id="s1" name="Suites">Suites</stat>
<stat pass="1" fail="0" skip="0" id="s1-s1" name="Test Request">Suites.Test Request</stat>
</suite>
</statistics>
<errors>
</errors>
</robot>
